2024-12-16T20:01:53.947Z [NuraNest] info: Database connection has been established successfully.
2024-12-16T20:02:17.466Z [NuraNest] info: Database connection has been established successfully.
2024-12-16T20:03:17.249Z [NuraNest] info: Database connection has been established successfully.
2024-12-16T20:03:17.252Z [NuraNest] info: Database connection has been established successfully.
2024-12-16T20:03:17.367Z [NuraNest] error: Error
    at Query.run (C:\Users\User\Downloads\FlexiJobs\FlexiJobs\node_backend\node_modules\sequelize\lib\dialects\postgres\query.js:50:25)
    at C:\Users\User\Downloads\FlexiJobs\FlexiJobs\node_backend\node_modules\sequelize\lib\sequelize.js:315:28
    at process.processTicksAndRejections (node:internal/process/task_queues:95:5)
    at async PostgresQueryInterface.createTable (C:\Users\User\Downloads\FlexiJobs\FlexiJobs\node_backend\node_modules\sequelize\lib\dialects\abstract\query-interface.js:98:12)
    at async Job.sync (C:\Users\User\Downloads\FlexiJobs\FlexiJobs\node_backend\node_modules\sequelize\lib\model.js:942:7)
    at async Sequelize.sync (C:\Users\User\Downloads\FlexiJobs\FlexiJobs\node_backend\node_modules\sequelize\lib\sequelize.js:377:9)
    at async initializeDatabase (C:\Users\User\Downloads\FlexiJobs\FlexiJobs\node_backend\index.js:18:5)
2024-12-16T20:05:35.247Z [NuraNest] info: Database connection has been established successfully.
2024-12-16T20:05:35.250Z [NuraNest] info: Database connection has been established successfully.
2024-12-16T20:05:35.364Z [NuraNest] error: Error
    at Query.run (C:\Users\User\Downloads\FlexiJobs\FlexiJobs\node_backend\node_modules\sequelize\lib\dialects\postgres\query.js:50:25)
    at C:\Users\User\Downloads\FlexiJobs\FlexiJobs\node_backend\node_modules\sequelize\lib\sequelize.js:315:28
    at process.processTicksAndRejections (node:internal/process/task_queues:95:5)
    at async PostgresQueryInterface.createTable (C:\Users\User\Downloads\FlexiJobs\FlexiJobs\node_backend\node_modules\sequelize\lib\dialects\abstract\query-interface.js:98:12)
    at async Job.sync (C:\Users\User\Downloads\FlexiJobs\FlexiJobs\node_backend\node_modules\sequelize\lib\model.js:942:7)
    at async Sequelize.sync (C:\Users\User\Downloads\FlexiJobs\FlexiJobs\node_backend\node_modules\sequelize\lib\sequelize.js:377:9)
    at async initializeDatabase (C:\Users\User\Downloads\FlexiJobs\FlexiJobs\node_backend\index.js:18:5)
2024-12-16T20:07:12.977Z [NuraNest] info: Database connection has been established successfully.
2024-12-16T20:07:12.979Z [NuraNest] info: Database connection has been established successfully.
2024-12-16T20:07:13.124Z [NuraNest] error: Error
    at Query.run (C:\Users\User\Downloads\FlexiJobs\FlexiJobs\node_backend\node_modules\sequelize\lib\dialects\postgres\query.js:50:25)
    at C:\Users\User\Downloads\FlexiJobs\FlexiJobs\node_backend\node_modules\sequelize\lib\sequelize.js:315:28
    at process.processTicksAndRejections (node:internal/process/task_queues:95:5)
    at async PostgresQueryInterface.createTable (C:\Users\User\Downloads\FlexiJobs\FlexiJobs\node_backend\node_modules\sequelize\lib\dialects\abstract\query-interface.js:98:12)
    at async Payment.sync (C:\Users\User\Downloads\FlexiJobs\FlexiJobs\node_backend\node_modules\sequelize\lib\model.js:942:7)
    at async Sequelize.sync (C:\Users\User\Downloads\FlexiJobs\FlexiJobs\node_backend\node_modules\sequelize\lib\sequelize.js:377:9)
    at async initializeDatabase (C:\Users\User\Downloads\FlexiJobs\FlexiJobs\node_backend\index.js:18:5)
2024-12-16T20:07:14.430Z [NuraNest] info: Database connection has been established successfully.
2024-12-16T20:07:14.433Z [NuraNest] info: Database connection has been established successfully.
2024-12-16T20:07:14.610Z [NuraNest] error: Error
    at Query.run (C:\Users\User\Downloads\FlexiJobs\FlexiJobs\node_backend\node_modules\sequelize\lib\dialects\postgres\query.js:50:25)
    at C:\Users\User\Downloads\FlexiJobs\FlexiJobs\node_backend\node_modules\sequelize\lib\sequelize.js:315:28
    at process.processTicksAndRejections (node:internal/process/task_queues:95:5)
    at async PostgresQueryInterface.createTable (C:\Users\User\Downloads\FlexiJobs\FlexiJobs\node_backend\node_modules\sequelize\lib\dialects\abstract\query-interface.js:98:12)
    at async Application.sync (C:\Users\User\Downloads\FlexiJobs\FlexiJobs\node_backend\node_modules\sequelize\lib\model.js:942:7)
    at async Sequelize.sync (C:\Users\User\Downloads\FlexiJobs\FlexiJobs\node_backend\node_modules\sequelize\lib\sequelize.js:377:9)
    at async initializeDatabase (C:\Users\User\Downloads\FlexiJobs\FlexiJobs\node_backend\index.js:18:5)
2024-12-16T20:07:24.137Z [NuraNest] info: Database connection has been established successfully.
2024-12-16T20:07:24.140Z [NuraNest] info: Database connection has been established successfully.
2024-12-16T20:07:24.293Z [NuraNest] info: All models were synchronized successfully.
2024-12-16T20:07:38.957Z [NuraNest] info: Database connection has been established successfully.
2024-12-16T20:07:38.960Z [NuraNest] info: Database connection has been established successfully.
2024-12-16T20:07:38.997Z [NuraNest] info: All models were synchronized successfully.
2024-12-16T20:11:38.188Z [NuraNest] info: Database connection has been established successfully.
2024-12-16T20:11:38.191Z [NuraNest] info: Database connection has been established successfully.
2024-12-16T20:11:38.220Z [NuraNest] info: All models were synchronized successfully.
2024-12-16T20:11:50.427Z [NuraNest] info: Database connection has been established successfully.
2024-12-16T20:11:50.430Z [NuraNest] info: Database connection has been established successfully.
2024-12-16T20:11:50.461Z [NuraNest] info: All models were synchronized successfully.
2024-12-16T20:13:14.836Z [NuraNest] info: Database connection has been established successfully.
2024-12-16T20:13:14.839Z [NuraNest] info: Database connection has been established successfully.
2024-12-16T20:13:14.868Z [NuraNest] info: All models were synchronized successfully.
2024-12-16T21:24:50.010Z [FlexiJobs] info: Database connection has been established successfully.
2024-12-16T21:24:50.013Z [FlexiJobs] info: Database connection has been established successfully.
2024-12-16T21:24:50.053Z [FlexiJobs] info: All models were synchronized successfully.
2024-12-16T21:27:43.233Z [FlexiJobs] info: Database connection has been established successfully.
2024-12-16T21:27:43.236Z [FlexiJobs] info: Database connection has been established successfully.
2024-12-16T21:27:43.274Z [FlexiJobs] info: All models were synchronized successfully.
2024-12-16T21:28:52.982Z [FlexiJobs] info: Student registered successfully: emma@gmail.com
2024-12-16T21:30:15.517Z [FlexiJobs] info: Student logged in successfully: emma@gmail.com
2024-12-16T21:33:44.362Z [FlexiJobs] info: Database connection has been established successfully.
2024-12-16T21:33:44.364Z [FlexiJobs] info: Database connection has been established successfully.
2024-12-16T21:33:44.396Z [FlexiJobs] info: All models were synchronized successfully.
2024-12-16T21:48:40.320Z [FlexiJobs] info: Student registered successfully: fernandonirmal607@gmail.com
2024-12-16T21:52:19.601Z [FlexiJobs] error: Error: Illegal arguments: undefined, string
    at bcrypt.hashSync (C:\Users\User\Downloads\FlexiJobs\FlexiJobs\node_backend\node_modules\bcryptjs\dist\bcrypt.js:189:19)
    at exports.updateStudent (C:\Users\User\Downloads\FlexiJobs\FlexiJobs\node_backend\controllers\student.js:34:35)
    at process.processTicksAndRejections (node:internal/process/task_queues:95:5)
2024-12-16T21:53:03.409Z [FlexiJobs] info: Student updated successfully: john.doe@example.com
2024-12-16T21:55:37.615Z [FlexiJobs] info: Database connection has been established successfully.
2024-12-16T21:55:37.618Z [FlexiJobs] info: Database connection has been established successfully.
2024-12-16T21:55:37.650Z [FlexiJobs] info: All models were synchronized successfully.
2024-12-16T21:59:28.079Z [FlexiJobs] info: Student registered successfully: shifryshaliha@gmail.com
2024-12-16T21:59:49.858Z [FlexiJobs] error: Error: Illegal arguments: undefined, string
    at bcrypt.hashSync (C:\Users\User\Downloads\FlexiJobs\FlexiJobs\node_backend\node_modules\bcryptjs\dist\bcrypt.js:189:19)
    at exports.updateStudent (C:\Users\User\Downloads\FlexiJobs\FlexiJobs\node_backend\controllers\student.js:34:35)
    at process.processTicksAndRejections (node:internal/process/task_queues:95:5)
2024-12-16T22:01:26.912Z [FlexiJobs] info: Student registered successfully: wolfy@gmail.com
2024-12-16T22:01:39.593Z [FlexiJobs] error: Error: Illegal arguments: undefined, string
    at bcrypt.hashSync (C:\Users\User\Downloads\FlexiJobs\FlexiJobs\node_backend\node_modules\bcryptjs\dist\bcrypt.js:189:19)
    at exports.updateStudent (C:\Users\User\Downloads\FlexiJobs\FlexiJobs\node_backend\controllers\student.js:34:35)
    at process.processTicksAndRejections (node:internal/process/task_queues:95:5)
2024-12-16T22:03:28.421Z [FlexiJobs] info: Student registered successfully: wolf@gmail.com
2024-12-16T22:03:40.984Z [FlexiJobs] error: Error: Illegal arguments: undefined, string
    at bcrypt.hashSync (C:\Users\User\Downloads\FlexiJobs\FlexiJobs\node_backend\node_modules\bcryptjs\dist\bcrypt.js:189:19)
    at exports.updateStudent (C:\Users\User\Downloads\FlexiJobs\FlexiJobs\node_backend\controllers\student.js:34:35)
    at process.processTicksAndRejections (node:internal/process/task_queues:95:5)
2024-12-16T22:04:54.703Z [FlexiJobs] info: Database connection has been established successfully.
2024-12-16T22:04:54.706Z [FlexiJobs] info: Database connection has been established successfully.
2024-12-16T22:04:54.735Z [FlexiJobs] info: All models were synchronized successfully.
2024-12-16T22:05:13.091Z [FlexiJobs] info: Student registered successfully: thirandi2002@gmail.com
2024-12-16T22:05:23.777Z [FlexiJobs] info: Student updated successfully: thirandi2002@gmail.com
2024-12-16T22:08:50.258Z [FlexiJobs] info: Student registered successfully: umesh@gmail.com
2024-12-16T22:09:02.208Z [FlexiJobs] info: Student updated successfully: umesh@gmail.com
2024-12-16T22:10:28.390Z [FlexiJobs] info: Employer registered successfully: emma@gmail.com
2024-12-16T22:10:50.844Z [FlexiJobs] info: Employer registered successfully: fernandonirmal607@gmail.com
2024-12-16T22:19:29.706Z [FlexiJobs] info: Database connection has been established successfully.
2024-12-16T22:19:29.710Z [FlexiJobs] info: Database connection has been established successfully.
2024-12-16T22:19:29.747Z [FlexiJobs] info: All models were synchronized successfully.
2024-12-16T22:24:03.579Z [FlexiJobs] error: SequelizeValidationError: string violation: skills cannot be an array or an object
    at InstanceValidator._validate (C:\Users\User\Downloads\FlexiJobs\FlexiJobs\node_backend\node_modules\sequelize\lib\instance-validator.js:50:13)
    at process.processTicksAndRejections (node:internal/process/task_queues:95:5)
    at async InstanceValidator._validateAndRunHooks (C:\Users\User\Downloads\FlexiJobs\FlexiJobs\node_backend\node_modules\sequelize\lib\instance-validator.js:60:7)
    at async InstanceValidator.validate (C:\Users\User\Downloads\FlexiJobs\FlexiJobs\node_backend\node_modules\sequelize\lib\instance-validator.js:54:12)
    at async model.save (C:\Users\User\Downloads\FlexiJobs\FlexiJobs\node_backend\node_modules\sequelize\lib\model.js:2426:7)
    at async Job.create (C:\Users\User\Downloads\FlexiJobs\FlexiJobs\node_backend\node_modules\sequelize\lib\model.js:1362:12)
    at async exports.createJob (C:\Users\User\Downloads\FlexiJobs\FlexiJobs\node_backend\controllers\job.js:26:20)
2024-12-16T22:25:27.716Z [FlexiJobs] info: Job created successfully: Software Engineer
2024-12-16T22:32:16.205Z [FlexiJobs] error: Error
    at Query.run (C:\Users\User\Downloads\FlexiJobs\FlexiJobs\node_backend\node_modules\sequelize\lib\dialects\postgres\query.js:50:25)
    at C:\Users\User\Downloads\FlexiJobs\FlexiJobs\node_backend\node_modules\sequelize\lib\sequelize.js:315:28
    at process.processTicksAndRejections (node:internal/process/task_queues:95:5)
    at async PostgresQueryInterface.insert (C:\Users\User\Downloads\FlexiJobs\FlexiJobs\node_backend\node_modules\sequelize\lib\dialects\abstract\query-interface.js:308:21)
    at async model.save (C:\Users\User\Downloads\FlexiJobs\FlexiJobs\node_backend\node_modules\sequelize\lib\model.js:2490:35)
    at async Job.create (C:\Users\User\Downloads\FlexiJobs\FlexiJobs\node_backend\node_modules\sequelize\lib\model.js:1362:12)
    at async exports.createJob (C:\Users\User\Downloads\FlexiJobs\FlexiJobs\node_backend\controllers\job.js:26:20)
2024-12-16T22:34:00.691Z [FlexiJobs] error: Error
    at Query.run (C:\Users\User\Downloads\FlexiJobs\FlexiJobs\node_backend\node_modules\sequelize\lib\dialects\postgres\query.js:50:25)
    at C:\Users\User\Downloads\FlexiJobs\FlexiJobs\node_backend\node_modules\sequelize\lib\sequelize.js:315:28
    at process.processTicksAndRejections (node:internal/process/task_queues:95:5)
    at async PostgresQueryInterface.insert (C:\Users\User\Downloads\FlexiJobs\FlexiJobs\node_backend\node_modules\sequelize\lib\dialects\abstract\query-interface.js:308:21)
    at async model.save (C:\Users\User\Downloads\FlexiJobs\FlexiJobs\node_backend\node_modules\sequelize\lib\model.js:2490:35)
    at async Job.create (C:\Users\User\Downloads\FlexiJobs\FlexiJobs\node_backend\node_modules\sequelize\lib\model.js:1362:12)
    at async exports.createJob (C:\Users\User\Downloads\FlexiJobs\FlexiJobs\node_backend\controllers\job.js:26:20)
2024-12-16T22:35:07.388Z [FlexiJobs] error: Error
    at Query.run (C:\Users\User\Downloads\FlexiJobs\FlexiJobs\node_backend\node_modules\sequelize\lib\dialects\postgres\query.js:50:25)
    at C:\Users\User\Downloads\FlexiJobs\FlexiJobs\node_backend\node_modules\sequelize\lib\sequelize.js:315:28
    at process.processTicksAndRejections (node:internal/process/task_queues:95:5)
    at async PostgresQueryInterface.insert (C:\Users\User\Downloads\FlexiJobs\FlexiJobs\node_backend\node_modules\sequelize\lib\dialects\abstract\query-interface.js:308:21)
    at async model.save (C:\Users\User\Downloads\FlexiJobs\FlexiJobs\node_backend\node_modules\sequelize\lib\model.js:2490:35)
    at async Job.create (C:\Users\User\Downloads\FlexiJobs\FlexiJobs\node_backend\node_modules\sequelize\lib\model.js:1362:12)
    at async exports.createJob (C:\Users\User\Downloads\FlexiJobs\FlexiJobs\node_backend\controllers\job.js:26:20)
2024-12-16T22:37:10.894Z [FlexiJobs] info: Database connection has been established successfully.
2024-12-16T22:37:10.896Z [FlexiJobs] info: Database connection has been established successfully.
2024-12-16T22:37:10.977Z [FlexiJobs] info: All models were synchronized successfully.
2024-12-16T22:37:18.316Z [FlexiJobs] info: Database connection has been established successfully.
2024-12-16T22:37:18.319Z [FlexiJobs] info: Database connection has been established successfully.
2024-12-16T22:37:18.579Z [FlexiJobs] info: All models were synchronized successfully.
2024-12-16T22:37:21.560Z [FlexiJobs] info: Database connection has been established successfully.
2024-12-16T22:37:21.562Z [FlexiJobs] info: Database connection has been established successfully.
2024-12-16T22:37:21.592Z [FlexiJobs] info: All models were synchronized successfully.
2024-12-16T22:37:48.020Z [FlexiJobs] info: Employer registered successfully: fernandonirmal607@gmail.com
2024-12-16T22:38:32.900Z [FlexiJobs] error: Error
    at Query.run (C:\Users\User\Downloads\FlexiJobs\FlexiJobs\node_backend\node_modules\sequelize\lib\dialects\postgres\query.js:50:25)
    at C:\Users\User\Downloads\FlexiJobs\FlexiJobs\node_backend\node_modules\sequelize\lib\sequelize.js:315:28
    at process.processTicksAndRejections (node:internal/process/task_queues:95:5)
    at async PostgresQueryInterface.insert (C:\Users\User\Downloads\FlexiJobs\FlexiJobs\node_backend\node_modules\sequelize\lib\dialects\abstract\query-interface.js:308:21)
    at async model.save (C:\Users\User\Downloads\FlexiJobs\FlexiJobs\node_backend\node_modules\sequelize\lib\model.js:2490:35)
    at async Job.create (C:\Users\User\Downloads\FlexiJobs\FlexiJobs\node_backend\node_modules\sequelize\lib\model.js:1362:12)
    at async exports.createJob (C:\Users\User\Downloads\FlexiJobs\FlexiJobs\node_backend\controllers\job.js:26:20)
2024-12-16T22:40:25.061Z [FlexiJobs] error: Error
    at Query.run (C:\Users\User\Downloads\FlexiJobs\FlexiJobs\node_backend\node_modules\sequelize\lib\dialects\postgres\query.js:50:25)
    at C:\Users\User\Downloads\FlexiJobs\FlexiJobs\node_backend\node_modules\sequelize\lib\sequelize.js:315:28
    at process.processTicksAndRejections (node:internal/process/task_queues:95:5)
    at async PostgresQueryInterface.insert (C:\Users\User\Downloads\FlexiJobs\FlexiJobs\node_backend\node_modules\sequelize\lib\dialects\abstract\query-interface.js:308:21)
    at async model.save (C:\Users\User\Downloads\FlexiJobs\FlexiJobs\node_backend\node_modules\sequelize\lib\model.js:2490:35)
    at async Job.create (C:\Users\User\Downloads\FlexiJobs\FlexiJobs\node_backend\node_modules\sequelize\lib\model.js:1362:12)
    at async exports.createJob (C:\Users\User\Downloads\FlexiJobs\FlexiJobs\node_backend\controllers\job.js:26:20)
2024-12-16T22:41:22.806Z [FlexiJobs] error: Error
    at Query.run (C:\Users\User\Downloads\FlexiJobs\FlexiJobs\node_backend\node_modules\sequelize\lib\dialects\postgres\query.js:50:25)
    at C:\Users\User\Downloads\FlexiJobs\FlexiJobs\node_backend\node_modules\sequelize\lib\sequelize.js:315:28
    at process.processTicksAndRejections (node:internal/process/task_queues:95:5)
    at async PostgresQueryInterface.insert (C:\Users\User\Downloads\FlexiJobs\FlexiJobs\node_backend\node_modules\sequelize\lib\dialects\abstract\query-interface.js:308:21)
    at async model.save (C:\Users\User\Downloads\FlexiJobs\FlexiJobs\node_backend\node_modules\sequelize\lib\model.js:2490:35)
    at async Job.create (C:\Users\User\Downloads\FlexiJobs\FlexiJobs\node_backend\node_modules\sequelize\lib\model.js:1362:12)
    at async exports.createJob (C:\Users\User\Downloads\FlexiJobs\FlexiJobs\node_backend\controllers\job.js:26:20)
2024-12-16T22:43:41.646Z [FlexiJobs] info: Database connection has been established successfully.
2024-12-16T22:43:41.649Z [FlexiJobs] info: Database connection has been established successfully.
2024-12-16T22:43:41.680Z [FlexiJobs] info: All models were synchronized successfully.
2024-12-16T22:44:01.239Z [FlexiJobs] info: Employer registered successfully: emma@gmail.com
2024-12-16T22:47:27.614Z [FlexiJobs] info: Employer registered successfully: wolfy@gmail.com
2024-12-16T22:48:08.494Z [FlexiJobs] info: Job created successfully: Backend Developer
2024-12-16T22:58:12.910Z [FlexiJobs] info: Employer registered successfully: thirandi2002@gmail.com
2024-12-16T22:59:13.143Z [FlexiJobs] info: Database connection has been established successfully.
2024-12-16T22:59:13.146Z [FlexiJobs] info: Database connection has been established successfully.
2024-12-16T22:59:13.181Z [FlexiJobs] info: All models were synchronized successfully.
2024-12-16T22:59:39.347Z [FlexiJobs] info: Employer registered successfully: crystalst@gmail.com
2024-12-16T23:00:13.109Z [FlexiJobs] info: Job created successfully: Backend Developer
2024-12-16T23:11:48.878Z [FlexiJobs] info: Job created successfully: Frontend Developer
2024-12-16T23:13:23.622Z [FlexiJobs] info: Database connection has been established successfully.
2024-12-16T23:13:23.625Z [FlexiJobs] info: Database connection has been established successfully.
2024-12-16T23:13:23.656Z [FlexiJobs] info: All models were synchronized successfully.
2024-12-16T23:14:21.017Z [FlexiJobs] info: Database connection has been established successfully.
2024-12-16T23:14:21.020Z [FlexiJobs] info: Database connection has been established successfully.
2024-12-16T23:14:21.054Z [FlexiJobs] info: All models were synchronized successfully.
2024-12-16T23:14:29.413Z [FlexiJobs] info: Database connection has been established successfully.
2024-12-16T23:14:29.416Z [FlexiJobs] info: Database connection has been established successfully.
2024-12-16T23:14:29.445Z [FlexiJobs] info: All models were synchronized successfully.
2024-12-16T23:18:24.116Z [FlexiJobs] info: Student registered successfully: emma@gmail.com
2024-12-16T23:18:39.633Z [FlexiJobs] info: Application created successfully: 1
2024-12-16T23:37:21.195Z [FlexiJobs] info: Payment created successfully: 1
2024-12-16T23:49:25.018Z [FlexiJobs] info: Payment updated successfully: 1
2024-12-16T23:50:37.057Z [FlexiJobs] info: Payment updated successfully: 1
2024-12-16T23:50:39.256Z [FlexiJobs] info: Payment updated successfully: 1
2024-12-16T23:50:59.031Z [FlexiJobs] info: Payment updated successfully: 1
2024-12-16T23:51:08.456Z [FlexiJobs] info: Payment updated successfully: 1
2024-12-16T23:51:41.005Z [FlexiJobs] info: Database connection has been established successfully.
2024-12-16T23:51:41.008Z [FlexiJobs] info: Database connection has been established successfully.
2024-12-16T23:51:41.041Z [FlexiJobs] info: All models were synchronized successfully.
2024-12-16T23:51:43.160Z [FlexiJobs] error: ReferenceError: patmentStatus is not defined
    at exports.updatePayment (C:\Users\User\Downloads\FlexiJobs\FlexiJobs\node_backend\controllers\payment.js:60:5)
    at process.processTicksAndRejections (node:internal/process/task_queues:95:5)
2024-12-16T23:52:10.678Z [FlexiJobs] info: Database connection has been established successfully.
2024-12-16T23:52:10.682Z [FlexiJobs] info: Database connection has been established successfully.
2024-12-16T23:52:10.722Z [FlexiJobs] info: All models were synchronized successfully.
2024-12-16T23:52:11.638Z [FlexiJobs] info: Payment updated successfully: 1
2024-12-16T23:58:01.911Z [FlexiJobs] error: Error: Illegal arguments: undefined, string
    at bcrypt.hashSync (C:\Users\User\Downloads\FlexiJobs\FlexiJobs\node_backend\node_modules\bcryptjs\dist\bcrypt.js:189:19)
    at exports.updateEmployer (C:\Users\User\Downloads\FlexiJobs\FlexiJobs\node_backend\controllers\employer.js:20:35)
    at process.processTicksAndRejections (node:internal/process/task_queues:95:5)
2024-12-16T23:58:29.857Z [FlexiJobs] error: Error: Illegal arguments: undefined, string
    at bcrypt.hashSync (C:\Users\User\Downloads\FlexiJobs\FlexiJobs\node_backend\node_modules\bcryptjs\dist\bcrypt.js:189:19)
    at exports.updateEmployer (C:\Users\User\Downloads\FlexiJobs\FlexiJobs\node_backend\controllers\employer.js:20:35)
    at process.processTicksAndRejections (node:internal/process/task_queues:95:5)
2024-12-16T23:58:48.149Z [FlexiJobs] error: Error: Illegal arguments: undefined, string
    at bcrypt.hashSync (C:\Users\User\Downloads\FlexiJobs\FlexiJobs\node_backend\node_modules\bcryptjs\dist\bcrypt.js:189:19)
    at exports.updateEmployer (C:\Users\User\Downloads\FlexiJobs\FlexiJobs\node_backend\controllers\employer.js:20:35)
    at process.processTicksAndRejections (node:internal/process/task_queues:95:5)
2024-12-16T23:59:34.848Z [FlexiJobs] info: Database connection has been established successfully.
2024-12-16T23:59:34.852Z [FlexiJobs] info: Database connection has been established successfully.
2024-12-16T23:59:34.881Z [FlexiJobs] info: All models were synchronized successfully.
2024-12-16T23:59:40.665Z [FlexiJobs] info: Employer updated successfully: crystalst@gmail.com
2024-12-17T00:00:47.586Z [FlexiJobs] info: Database connection has been established successfully.
2024-12-17T00:00:47.589Z [FlexiJobs] info: Database connection has been established successfully.
2024-12-17T00:00:47.627Z [FlexiJobs] info: All models were synchronized successfully.
2024-12-17T00:00:48.648Z [FlexiJobs] info: Employer updated successfully: crystalst@gmail.com
2024-12-17T00:04:37.107Z [FlexiJobs] info: Student logged in successfully: emma@gmail.com
2024-12-17T00:06:58.877Z [FlexiJobs] info: Employer logged in successfully: crystalst@gmail.com
2024-12-17T00:14:12.865Z [FlexiJobs] info: Database connection has been established successfully.
2024-12-17T00:14:12.870Z [FlexiJobs] info: Database connection has been established successfully.
2024-12-17T00:14:12.994Z [FlexiJobs] info: All models were synchronized successfully.
2024-12-17T02:01:40.534Z [FlexiJobs] info: Database connection has been established successfully.
2024-12-17T02:01:40.542Z [FlexiJobs] info: Database connection has been established successfully.
2024-12-17T02:01:40.644Z [FlexiJobs] info: All models were synchronized successfully.
2024-12-17T04:00:40.410Z [FlexiJobs] info: Database connection has been established successfully.
2024-12-17T04:00:40.420Z [FlexiJobs] info: Database connection has been established successfully.
2024-12-17T04:00:40.548Z [FlexiJobs] info: All models were synchronized successfully.
2024-12-17T04:02:12.372Z [FlexiJobs] info: Student registered successfully: rakitha@gmail.com
2024-12-17T04:03:01.834Z [FlexiJobs] info: Student updated successfully: rakitha@gmail.com
2025-01-09T08:31:23.618Z [FlexiJobs] info: Database connection has been established successfully.
2025-01-09T08:31:23.628Z [FlexiJobs] info: Database connection has been established successfully.
2025-01-09T08:31:23.761Z [FlexiJobs] info: All models were synchronized successfully.
2025-01-09T08:32:58.623Z [FlexiJobs] info: Database connection has been established successfully.
2025-01-09T08:32:58.627Z [FlexiJobs] info: Database connection has been established successfully.
2025-01-09T08:32:58.729Z [FlexiJobs] info: All models were synchronized successfully.
2025-01-09T08:50:22.469Z [FlexiJobs] info: Database connection has been established successfully.
2025-01-09T08:50:22.473Z [FlexiJobs] info: Database connection has been established successfully.
2025-01-09T08:50:22.580Z [FlexiJobs] info: All models were synchronized successfully.
2025-01-09T08:53:56.583Z [FlexiJobs] info: Student registered successfully: emfma@gmail.com
2025-01-09T09:09:42.630Z [FlexiJobs] info: Database connection has been established successfully.
2025-01-09T09:09:42.635Z [FlexiJobs] info: Database connection has been established successfully.
2025-01-09T09:09:42.702Z [FlexiJobs] info: All models were synchronized successfully.
2025-01-11T07:32:33.515Z [FlexiJobs] info: Database connection has been established successfully.
2025-01-11T07:32:33.519Z [FlexiJobs] info: Database connection has been established successfully.
2025-01-11T07:32:33.631Z [FlexiJobs] info: All models were synchronized successfully.
2025-01-11T07:38:49.820Z [FlexiJobs] info: Database connection has been established successfully.
2025-01-11T07:38:49.825Z [FlexiJobs] info: Database connection has been established successfully.
2025-01-11T07:38:49.905Z [FlexiJobs] info: All models were synchronized successfully.
2025-01-11T07:41:15.866Z [FlexiJobs] info: Student registered successfully: race@gmail.com
2025-01-11T07:42:01.558Z [FlexiJobs] info: Database connection has been established successfully.
2025-01-11T07:42:01.562Z [FlexiJobs] info: Database connection has been established successfully.
2025-01-11T07:42:01.631Z [FlexiJobs] info: All models were synchronized successfully.
2025-01-11T07:42:31.904Z [FlexiJobs] info: Student registered successfully: wolf@gmail.com
2025-01-11T07:43:11.243Z [FlexiJobs] info: Database connection has been established successfully.
2025-01-11T07:43:11.257Z [FlexiJobs] info: Database connection has been established successfully.
2025-01-11T07:43:11.405Z [FlexiJobs] info: All models were synchronized successfully.
2025-01-11T07:43:19.028Z [FlexiJobs] info: Student registered successfully: wolfy@gmail.com
2025-01-11T07:46:39.223Z [FlexiJobs] info: Database connection has been established successfully.
2025-01-11T07:46:39.229Z [FlexiJobs] info: Database connection has been established successfully.
2025-01-11T07:46:39.315Z [FlexiJobs] info: All models were synchronized successfully.
2025-01-11T07:47:40.133Z [FlexiJobs] info: Database connection has been established successfully.
2025-01-11T07:47:40.138Z [FlexiJobs] info: Database connection has been established successfully.
2025-01-11T07:47:40.208Z [FlexiJobs] info: All models were synchronized successfully.
2025-01-18T10:26:01.991Z [FlexiJobs] info: Database connection has been established successfully.
2025-01-18T10:26:01.998Z [FlexiJobs] info: Database connection has been established successfully.
2025-01-18T10:26:02.108Z [FlexiJobs] info: All models were synchronized successfully.
2025-01-18T11:45:56.014Z [FlexiJobs] info: Database connection has been established successfully.
2025-01-18T11:45:56.021Z [FlexiJobs] info: Database connection has been established successfully.
2025-01-18T11:45:56.128Z [FlexiJobs] info: All models were synchronized successfully.
2025-01-18T11:46:06.482Z [FlexiJobs] info: Database connection has been established successfully.
2025-01-18T11:46:06.486Z [FlexiJobs] info: Database connection has been established successfully.
2025-01-18T11:46:06.563Z [FlexiJobs] info: All models were synchronized successfully.
2025-01-18T11:46:14.023Z [FlexiJobs] info: Database connection has been established successfully.
2025-01-18T11:46:14.028Z [FlexiJobs] info: Database connection has been established successfully.
2025-01-18T11:46:14.115Z [FlexiJobs] info: All models were synchronized successfully.
2025-01-18T11:46:36.015Z [FlexiJobs] info: Database connection has been established successfully.
2025-01-18T11:46:36.020Z [FlexiJobs] info: Database connection has been established successfully.
2025-01-18T11:46:36.098Z [FlexiJobs] info: All models were synchronized successfully.
2025-01-18T11:46:51.218Z [FlexiJobs] info: Database connection has been established successfully.
2025-01-18T11:46:51.222Z [FlexiJobs] info: Database connection has been established successfully.
2025-01-18T11:46:51.291Z [FlexiJobs] info: All models were synchronized successfully.
2025-01-18T11:49:28.207Z [FlexiJobs] info: Database connection has been established successfully.
2025-01-18T11:49:28.211Z [FlexiJobs] info: Database connection has been established successfully.
2025-01-18T11:49:28.299Z [FlexiJobs] info: All models were synchronized successfully.
2025-01-18T11:50:04.676Z [FlexiJobs] info: Database connection has been established successfully.
2025-01-18T11:50:04.681Z [FlexiJobs] info: Database connection has been established successfully.
2025-01-18T11:50:04.764Z [FlexiJobs] info: All models were synchronized successfully.
2025-01-18T11:50:09.558Z [FlexiJobs] info: Database connection has been established successfully.
2025-01-18T11:50:09.563Z [FlexiJobs] info: Database connection has been established successfully.
2025-01-18T11:50:09.637Z [FlexiJobs] info: All models were synchronized successfully.
2025-01-18T11:51:11.121Z [FlexiJobs] info: Database connection has been established successfully.
2025-01-18T11:51:11.125Z [FlexiJobs] info: Database connection has been established successfully.
2025-01-18T11:51:11.261Z [FlexiJobs] info: All models were synchronized successfully.
2025-01-18T12:48:46.111Z [FlexiJobs] info: Database connection has been established successfully.
2025-01-18T12:48:46.123Z [FlexiJobs] info: Database connection has been established successfully.
2025-01-18T12:48:46.217Z [FlexiJobs] info: All models were synchronized successfully.
2025-01-18T12:48:47.640Z [FlexiJobs] info: Database connection has been established successfully.
2025-01-18T12:48:47.644Z [FlexiJobs] info: Database connection has been established successfully.
2025-01-18T12:48:47.710Z [FlexiJobs] info: All models were synchronized successfully.
2025-01-18T12:49:00.226Z [FlexiJobs] info: Database connection has been established successfully.
2025-01-18T12:49:00.230Z [FlexiJobs] info: Database connection has been established successfully.
2025-01-18T12:49:00.291Z [FlexiJobs] info: All models were synchronized successfully.
2025-01-18T12:49:31.051Z [FlexiJobs] info: Database connection has been established successfully.
2025-01-18T12:49:31.058Z [FlexiJobs] info: Database connection has been established successfully.
2025-01-18T12:49:31.190Z [FlexiJobs] info: All models were synchronized successfully.
2025-01-18T12:50:25.172Z [FlexiJobs] info: Database connection has been established successfully.
2025-01-18T12:50:25.176Z [FlexiJobs] info: Database connection has been established successfully.
2025-01-18T12:50:25.250Z [FlexiJobs] info: All models were synchronized successfully.
2025-01-18T13:07:15.093Z [FlexiJobs] info: Database connection has been established successfully.
2025-01-18T13:07:15.103Z [FlexiJobs] info: Database connection has been established successfully.
2025-01-18T13:07:15.200Z [FlexiJobs] info: All models were synchronized successfully.
2025-01-19T15:03:40.430Z [FlexiJobs] info: Database connection has been established successfully.
2025-01-19T15:03:40.432Z [FlexiJobs] info: Database connection has been established successfully.
2025-01-19T15:03:40.509Z [FlexiJobs] info: All models were synchronized successfully.
2025-01-19T15:06:15.322Z [FlexiJobs] info: Database connection has been established successfully.
2025-01-19T15:06:15.325Z [FlexiJobs] info: Database connection has been established successfully.
2025-01-19T15:06:15.356Z [FlexiJobs] info: All models were synchronized successfully.
2025-01-19T15:06:25.824Z [FlexiJobs] info: Database connection has been established successfully.
2025-01-19T15:06:25.826Z [FlexiJobs] info: Database connection has been established successfully.
2025-01-19T15:06:25.859Z [FlexiJobs] info: All models were synchronized successfully.
2025-01-19T15:07:51.116Z [FlexiJobs] info: Student logged in successfully: emma@gmail.com
2025-01-19T15:08:15.214Z [FlexiJobs] info: Student logged in successfully: emma@gmail.com
2025-01-19T16:26:31.678Z [FlexiJobs] info: Database connection has been established successfully.
2025-01-19T16:26:31.680Z [FlexiJobs] info: Database connection has been established successfully.
2025-01-19T16:26:31.966Z [FlexiJobs] info: All models were synchronized successfully.
2025-01-19T16:26:37.617Z [FlexiJobs] info: Database connection has been established successfully.
2025-01-19T16:26:37.619Z [FlexiJobs] info: Database connection has been established successfully.
2025-01-19T16:26:37.654Z [FlexiJobs] info: All models were synchronized successfully.
2025-01-19T16:27:29.511Z [FlexiJobs] info: OTP sent to emma@gmail.com
2025-01-19T16:28:14.197Z [FlexiJobs] info: OTP sent to wolfyst607@gmail.com
2025-01-19T16:29:17.038Z [FlexiJobs] info: Student registered successfully: wolfyst607@gmail.com
2025-01-19T16:40:51.883Z [FlexiJobs] info: Database connection has been established successfully.
2025-01-19T16:40:51.886Z [FlexiJobs] info: Database connection has been established successfully.
2025-01-19T16:40:51.921Z [FlexiJobs] info: All models were synchronized successfully.
2025-01-19T16:41:03.480Z [FlexiJobs] info: OTP sent to nirmal607.anka@gmail.com
2025-01-19T16:41:27.330Z [FlexiJobs] info: Employer registered successfully: nirmal607.anka@gmail.com
