2024-12-16T20:03:17.367Z [NuraNest] error: Error
    at Query.run (C:\Users\User\Downloads\FlexiJobs\FlexiJobs\node_backend\node_modules\sequelize\lib\dialects\postgres\query.js:50:25)
    at C:\Users\User\Downloads\FlexiJobs\FlexiJobs\node_backend\node_modules\sequelize\lib\sequelize.js:315:28
    at process.processTicksAndRejections (node:internal/process/task_queues:95:5)
    at async PostgresQueryInterface.createTable (C:\Users\User\Downloads\FlexiJobs\FlexiJobs\node_backend\node_modules\sequelize\lib\dialects\abstract\query-interface.js:98:12)
    at async Job.sync (C:\Users\User\Downloads\FlexiJobs\FlexiJobs\node_backend\node_modules\sequelize\lib\model.js:942:7)
    at async Sequelize.sync (C:\Users\User\Downloads\FlexiJobs\FlexiJobs\node_backend\node_modules\sequelize\lib\sequelize.js:377:9)
    at async initializeDatabase (C:\Users\User\Downloads\FlexiJobs\FlexiJobs\node_backend\index.js:18:5)
2024-12-16T20:05:35.364Z [NuraNest] error: Error
    at Query.run (C:\Users\User\Downloads\FlexiJobs\FlexiJobs\node_backend\node_modules\sequelize\lib\dialects\postgres\query.js:50:25)
    at C:\Users\User\Downloads\FlexiJobs\FlexiJobs\node_backend\node_modules\sequelize\lib\sequelize.js:315:28
    at process.processTicksAndRejections (node:internal/process/task_queues:95:5)
    at async PostgresQueryInterface.createTable (C:\Users\User\Downloads\FlexiJobs\FlexiJobs\node_backend\node_modules\sequelize\lib\dialects\abstract\query-interface.js:98:12)
    at async Job.sync (C:\Users\User\Downloads\FlexiJobs\FlexiJobs\node_backend\node_modules\sequelize\lib\model.js:942:7)
    at async Sequelize.sync (C:\Users\User\Downloads\FlexiJobs\FlexiJobs\node_backend\node_modules\sequelize\lib\sequelize.js:377:9)
    at async initializeDatabase (C:\Users\User\Downloads\FlexiJobs\FlexiJobs\node_backend\index.js:18:5)
2024-12-16T20:07:13.124Z [NuraNest] error: Error
    at Query.run (C:\Users\User\Downloads\FlexiJobs\FlexiJobs\node_backend\node_modules\sequelize\lib\dialects\postgres\query.js:50:25)
    at C:\Users\User\Downloads\FlexiJobs\FlexiJobs\node_backend\node_modules\sequelize\lib\sequelize.js:315:28
    at process.processTicksAndRejections (node:internal/process/task_queues:95:5)
    at async PostgresQueryInterface.createTable (C:\Users\User\Downloads\FlexiJobs\FlexiJobs\node_backend\node_modules\sequelize\lib\dialects\abstract\query-interface.js:98:12)
    at async Payment.sync (C:\Users\User\Downloads\FlexiJobs\FlexiJobs\node_backend\node_modules\sequelize\lib\model.js:942:7)
    at async Sequelize.sync (C:\Users\User\Downloads\FlexiJobs\FlexiJobs\node_backend\node_modules\sequelize\lib\sequelize.js:377:9)
    at async initializeDatabase (C:\Users\User\Downloads\FlexiJobs\FlexiJobs\node_backend\index.js:18:5)
2024-12-16T20:07:14.610Z [NuraNest] error: Error
    at Query.run (C:\Users\User\Downloads\FlexiJobs\FlexiJobs\node_backend\node_modules\sequelize\lib\dialects\postgres\query.js:50:25)
    at C:\Users\User\Downloads\FlexiJobs\FlexiJobs\node_backend\node_modules\sequelize\lib\sequelize.js:315:28
    at process.processTicksAndRejections (node:internal/process/task_queues:95:5)
    at async PostgresQueryInterface.createTable (C:\Users\User\Downloads\FlexiJobs\FlexiJobs\node_backend\node_modules\sequelize\lib\dialects\abstract\query-interface.js:98:12)
    at async Application.sync (C:\Users\User\Downloads\FlexiJobs\FlexiJobs\node_backend\node_modules\sequelize\lib\model.js:942:7)
    at async Sequelize.sync (C:\Users\User\Downloads\FlexiJobs\FlexiJobs\node_backend\node_modules\sequelize\lib\sequelize.js:377:9)
    at async initializeDatabase (C:\Users\User\Downloads\FlexiJobs\FlexiJobs\node_backend\index.js:18:5)
2024-12-16T21:52:19.601Z [FlexiJobs] error: Error: Illegal arguments: undefined, string
    at bcrypt.hashSync (C:\Users\User\Downloads\FlexiJobs\FlexiJobs\node_backend\node_modules\bcryptjs\dist\bcrypt.js:189:19)
    at exports.updateStudent (C:\Users\User\Downloads\FlexiJobs\FlexiJobs\node_backend\controllers\student.js:34:35)
    at process.processTicksAndRejections (node:internal/process/task_queues:95:5)
2024-12-16T21:59:49.858Z [FlexiJobs] error: Error: Illegal arguments: undefined, string
    at bcrypt.hashSync (C:\Users\User\Downloads\FlexiJobs\FlexiJobs\node_backend\node_modules\bcryptjs\dist\bcrypt.js:189:19)
    at exports.updateStudent (C:\Users\User\Downloads\FlexiJobs\FlexiJobs\node_backend\controllers\student.js:34:35)
    at process.processTicksAndRejections (node:internal/process/task_queues:95:5)
2024-12-16T22:01:39.593Z [FlexiJobs] error: Error: Illegal arguments: undefined, string
    at bcrypt.hashSync (C:\Users\User\Downloads\FlexiJobs\FlexiJobs\node_backend\node_modules\bcryptjs\dist\bcrypt.js:189:19)
    at exports.updateStudent (C:\Users\User\Downloads\FlexiJobs\FlexiJobs\node_backend\controllers\student.js:34:35)
    at process.processTicksAndRejections (node:internal/process/task_queues:95:5)
2024-12-16T22:03:40.984Z [FlexiJobs] error: Error: Illegal arguments: undefined, string
    at bcrypt.hashSync (C:\Users\User\Downloads\FlexiJobs\FlexiJobs\node_backend\node_modules\bcryptjs\dist\bcrypt.js:189:19)
    at exports.updateStudent (C:\Users\User\Downloads\FlexiJobs\FlexiJobs\node_backend\controllers\student.js:34:35)
    at process.processTicksAndRejections (node:internal/process/task_queues:95:5)
2024-12-16T22:24:03.579Z [FlexiJobs] error: SequelizeValidationError: string violation: skills cannot be an array or an object
    at InstanceValidator._validate (C:\Users\User\Downloads\FlexiJobs\FlexiJobs\node_backend\node_modules\sequelize\lib\instance-validator.js:50:13)
    at process.processTicksAndRejections (node:internal/process/task_queues:95:5)
    at async InstanceValidator._validateAndRunHooks (C:\Users\User\Downloads\FlexiJobs\FlexiJobs\node_backend\node_modules\sequelize\lib\instance-validator.js:60:7)
    at async InstanceValidator.validate (C:\Users\User\Downloads\FlexiJobs\FlexiJobs\node_backend\node_modules\sequelize\lib\instance-validator.js:54:12)
    at async model.save (C:\Users\User\Downloads\FlexiJobs\FlexiJobs\node_backend\node_modules\sequelize\lib\model.js:2426:7)
    at async Job.create (C:\Users\User\Downloads\FlexiJobs\FlexiJobs\node_backend\node_modules\sequelize\lib\model.js:1362:12)
    at async exports.createJob (C:\Users\User\Downloads\FlexiJobs\FlexiJobs\node_backend\controllers\job.js:26:20)
2024-12-16T22:32:16.205Z [FlexiJobs] error: Error
    at Query.run (C:\Users\User\Downloads\FlexiJobs\FlexiJobs\node_backend\node_modules\sequelize\lib\dialects\postgres\query.js:50:25)
    at C:\Users\User\Downloads\FlexiJobs\FlexiJobs\node_backend\node_modules\sequelize\lib\sequelize.js:315:28
    at process.processTicksAndRejections (node:internal/process/task_queues:95:5)
    at async PostgresQueryInterface.insert (C:\Users\User\Downloads\FlexiJobs\FlexiJobs\node_backend\node_modules\sequelize\lib\dialects\abstract\query-interface.js:308:21)
    at async model.save (C:\Users\User\Downloads\FlexiJobs\FlexiJobs\node_backend\node_modules\sequelize\lib\model.js:2490:35)
    at async Job.create (C:\Users\User\Downloads\FlexiJobs\FlexiJobs\node_backend\node_modules\sequelize\lib\model.js:1362:12)
    at async exports.createJob (C:\Users\User\Downloads\FlexiJobs\FlexiJobs\node_backend\controllers\job.js:26:20)
2024-12-16T22:34:00.691Z [FlexiJobs] error: Error
    at Query.run (C:\Users\User\Downloads\FlexiJobs\FlexiJobs\node_backend\node_modules\sequelize\lib\dialects\postgres\query.js:50:25)
    at C:\Users\User\Downloads\FlexiJobs\FlexiJobs\node_backend\node_modules\sequelize\lib\sequelize.js:315:28
    at process.processTicksAndRejections (node:internal/process/task_queues:95:5)
    at async PostgresQueryInterface.insert (C:\Users\User\Downloads\FlexiJobs\FlexiJobs\node_backend\node_modules\sequelize\lib\dialects\abstract\query-interface.js:308:21)
    at async model.save (C:\Users\User\Downloads\FlexiJobs\FlexiJobs\node_backend\node_modules\sequelize\lib\model.js:2490:35)
    at async Job.create (C:\Users\User\Downloads\FlexiJobs\FlexiJobs\node_backend\node_modules\sequelize\lib\model.js:1362:12)
    at async exports.createJob (C:\Users\User\Downloads\FlexiJobs\FlexiJobs\node_backend\controllers\job.js:26:20)
2024-12-16T22:35:07.388Z [FlexiJobs] error: Error
    at Query.run (C:\Users\User\Downloads\FlexiJobs\FlexiJobs\node_backend\node_modules\sequelize\lib\dialects\postgres\query.js:50:25)
    at C:\Users\User\Downloads\FlexiJobs\FlexiJobs\node_backend\node_modules\sequelize\lib\sequelize.js:315:28
    at process.processTicksAndRejections (node:internal/process/task_queues:95:5)
    at async PostgresQueryInterface.insert (C:\Users\User\Downloads\FlexiJobs\FlexiJobs\node_backend\node_modules\sequelize\lib\dialects\abstract\query-interface.js:308:21)
    at async model.save (C:\Users\User\Downloads\FlexiJobs\FlexiJobs\node_backend\node_modules\sequelize\lib\model.js:2490:35)
    at async Job.create (C:\Users\User\Downloads\FlexiJobs\FlexiJobs\node_backend\node_modules\sequelize\lib\model.js:1362:12)
    at async exports.createJob (C:\Users\User\Downloads\FlexiJobs\FlexiJobs\node_backend\controllers\job.js:26:20)
2024-12-16T22:38:32.900Z [FlexiJobs] error: Error
    at Query.run (C:\Users\User\Downloads\FlexiJobs\FlexiJobs\node_backend\node_modules\sequelize\lib\dialects\postgres\query.js:50:25)
    at C:\Users\User\Downloads\FlexiJobs\FlexiJobs\node_backend\node_modules\sequelize\lib\sequelize.js:315:28
    at process.processTicksAndRejections (node:internal/process/task_queues:95:5)
    at async PostgresQueryInterface.insert (C:\Users\User\Downloads\FlexiJobs\FlexiJobs\node_backend\node_modules\sequelize\lib\dialects\abstract\query-interface.js:308:21)
    at async model.save (C:\Users\User\Downloads\FlexiJobs\FlexiJobs\node_backend\node_modules\sequelize\lib\model.js:2490:35)
    at async Job.create (C:\Users\User\Downloads\FlexiJobs\FlexiJobs\node_backend\node_modules\sequelize\lib\model.js:1362:12)
    at async exports.createJob (C:\Users\User\Downloads\FlexiJobs\FlexiJobs\node_backend\controllers\job.js:26:20)
2024-12-16T22:40:25.061Z [FlexiJobs] error: Error
    at Query.run (C:\Users\User\Downloads\FlexiJobs\FlexiJobs\node_backend\node_modules\sequelize\lib\dialects\postgres\query.js:50:25)
    at C:\Users\User\Downloads\FlexiJobs\FlexiJobs\node_backend\node_modules\sequelize\lib\sequelize.js:315:28
    at process.processTicksAndRejections (node:internal/process/task_queues:95:5)
    at async PostgresQueryInterface.insert (C:\Users\User\Downloads\FlexiJobs\FlexiJobs\node_backend\node_modules\sequelize\lib\dialects\abstract\query-interface.js:308:21)
    at async model.save (C:\Users\User\Downloads\FlexiJobs\FlexiJobs\node_backend\node_modules\sequelize\lib\model.js:2490:35)
    at async Job.create (C:\Users\User\Downloads\FlexiJobs\FlexiJobs\node_backend\node_modules\sequelize\lib\model.js:1362:12)
    at async exports.createJob (C:\Users\User\Downloads\FlexiJobs\FlexiJobs\node_backend\controllers\job.js:26:20)
2024-12-16T22:41:22.806Z [FlexiJobs] error: Error
    at Query.run (C:\Users\User\Downloads\FlexiJobs\FlexiJobs\node_backend\node_modules\sequelize\lib\dialects\postgres\query.js:50:25)
    at C:\Users\User\Downloads\FlexiJobs\FlexiJobs\node_backend\node_modules\sequelize\lib\sequelize.js:315:28
    at process.processTicksAndRejections (node:internal/process/task_queues:95:5)
    at async PostgresQueryInterface.insert (C:\Users\User\Downloads\FlexiJobs\FlexiJobs\node_backend\node_modules\sequelize\lib\dialects\abstract\query-interface.js:308:21)
    at async model.save (C:\Users\User\Downloads\FlexiJobs\FlexiJobs\node_backend\node_modules\sequelize\lib\model.js:2490:35)
    at async Job.create (C:\Users\User\Downloads\FlexiJobs\FlexiJobs\node_backend\node_modules\sequelize\lib\model.js:1362:12)
    at async exports.createJob (C:\Users\User\Downloads\FlexiJobs\FlexiJobs\node_backend\controllers\job.js:26:20)
2024-12-16T23:51:43.160Z [FlexiJobs] error: ReferenceError: patmentStatus is not defined
    at exports.updatePayment (C:\Users\User\Downloads\FlexiJobs\FlexiJobs\node_backend\controllers\payment.js:60:5)
    at process.processTicksAndRejections (node:internal/process/task_queues:95:5)
2024-12-16T23:58:01.911Z [FlexiJobs] error: Error: Illegal arguments: undefined, string
    at bcrypt.hashSync (C:\Users\User\Downloads\FlexiJobs\FlexiJobs\node_backend\node_modules\bcryptjs\dist\bcrypt.js:189:19)
    at exports.updateEmployer (C:\Users\User\Downloads\FlexiJobs\FlexiJobs\node_backend\controllers\employer.js:20:35)
    at process.processTicksAndRejections (node:internal/process/task_queues:95:5)
2024-12-16T23:58:29.857Z [FlexiJobs] error: Error: Illegal arguments: undefined, string
    at bcrypt.hashSync (C:\Users\User\Downloads\FlexiJobs\FlexiJobs\node_backend\node_modules\bcryptjs\dist\bcrypt.js:189:19)
    at exports.updateEmployer (C:\Users\User\Downloads\FlexiJobs\FlexiJobs\node_backend\controllers\employer.js:20:35)
    at process.processTicksAndRejections (node:internal/process/task_queues:95:5)
2024-12-16T23:58:48.149Z [FlexiJobs] error: Error: Illegal arguments: undefined, string
    at bcrypt.hashSync (C:\Users\User\Downloads\FlexiJobs\FlexiJobs\node_backend\node_modules\bcryptjs\dist\bcrypt.js:189:19)
    at exports.updateEmployer (C:\Users\User\Downloads\FlexiJobs\FlexiJobs\node_backend\controllers\employer.js:20:35)
    at process.processTicksAndRejections (node:internal/process/task_queues:95:5)
2025-01-19T08:19:20.247Z [FlexiJobs] error: ReferenceError: True is not defined
    at initializeDatabase (C:\Users\shanu\Documents\GitHub\FlexiJobs\FlexiJobs\node_backend\index.js:24:35)
    at process.processTicksAndRejections (node:internal/process/task_queues:95:5)
2025-01-19T08:19:29.960Z [FlexiJobs] error: ReferenceError: True is not defined
    at initializeDatabase (C:\Users\shanu\Documents\GitHub\FlexiJobs\FlexiJobs\node_backend\index.js:24:35)
    at process.processTicksAndRejections (node:internal/process/task_queues:95:5)
2025-01-19T08:23:43.618Z [FlexiJobs] error: Error
    at Query.run (C:\Users\shanu\Documents\GitHub\FlexiJobs\FlexiJobs\node_backend\node_modules\sequelize\lib\dialects\postgres\query.js:50:25)
    at C:\Users\shanu\Documents\GitHub\FlexiJobs\FlexiJobs\node_backend\node_modules\sequelize\lib\sequelize.js:315:28
    at process.processTicksAndRejections (node:internal/process/task_queues:95:5)
    at async PostgresQueryInterface.insert (C:\Users\shanu\Documents\GitHub\FlexiJobs\FlexiJobs\node_backend\node_modules\sequelize\lib\dialects\abstract\query-interface.js:308:21)
    at async model.save (C:\Users\shanu\Documents\GitHub\FlexiJobs\FlexiJobs\node_backend\node_modules\sequelize\lib\model.js:2490:35)
    at async Job.create (C:\Users\shanu\Documents\GitHub\FlexiJobs\FlexiJobs\node_backend\node_modules\sequelize\lib\model.js:1362:12)
    at async exports.createJob (C:\Users\shanu\Documents\GitHub\FlexiJobs\FlexiJobs\node_backend\controllers\job.js:26:20)
2025-01-19T08:24:49.259Z [FlexiJobs] error: Error
    at Query.run (C:\Users\shanu\Documents\GitHub\FlexiJobs\FlexiJobs\node_backend\node_modules\sequelize\lib\dialects\postgres\query.js:50:25)
    at C:\Users\shanu\Documents\GitHub\FlexiJobs\FlexiJobs\node_backend\node_modules\sequelize\lib\sequelize.js:315:28
    at process.processTicksAndRejections (node:internal/process/task_queues:95:5)
    at async PostgresQueryInterface.insert (C:\Users\shanu\Documents\GitHub\FlexiJobs\FlexiJobs\node_backend\node_modules\sequelize\lib\dialects\abstract\query-interface.js:308:21)
    at async model.save (C:\Users\shanu\Documents\GitHub\FlexiJobs\FlexiJobs\node_backend\node_modules\sequelize\lib\model.js:2490:35)
    at async Job.create (C:\Users\shanu\Documents\GitHub\FlexiJobs\FlexiJobs\node_backend\node_modules\sequelize\lib\model.js:1362:12)
    at async exports.createJob (C:\Users\shanu\Documents\GitHub\FlexiJobs\FlexiJobs\node_backend\controllers\job.js:26:20)
2025-01-19T08:24:59.637Z [FlexiJobs] error: Error
    at Query.run (C:\Users\shanu\Documents\GitHub\FlexiJobs\FlexiJobs\node_backend\node_modules\sequelize\lib\dialects\postgres\query.js:50:25)
    at C:\Users\shanu\Documents\GitHub\FlexiJobs\FlexiJobs\node_backend\node_modules\sequelize\lib\sequelize.js:315:28
    at process.processTicksAndRejections (node:internal/process/task_queues:95:5)
    at async PostgresQueryInterface.insert (C:\Users\shanu\Documents\GitHub\FlexiJobs\FlexiJobs\node_backend\node_modules\sequelize\lib\dialects\abstract\query-interface.js:308:21)
    at async model.save (C:\Users\shanu\Documents\GitHub\FlexiJobs\FlexiJobs\node_backend\node_modules\sequelize\lib\model.js:2490:35)
    at async Job.create (C:\Users\shanu\Documents\GitHub\FlexiJobs\FlexiJobs\node_backend\node_modules\sequelize\lib\model.js:1362:12)
    at async exports.createJob (C:\Users\shanu\Documents\GitHub\FlexiJobs\FlexiJobs\node_backend\controllers\job.js:26:20)
2025-01-19T08:26:03.589Z [FlexiJobs] error: Error: WHERE parameter "email" has invalid "undefined" value
    at PostgresQueryGenerator.whereItemQuery (C:\Users\shanu\Documents\GitHub\FlexiJobs\FlexiJobs\node_backend\node_modules\sequelize\lib\dialects\abstract\query-generator.js:1746:13)
    at C:\Users\shanu\Documents\GitHub\FlexiJobs\FlexiJobs\node_backend\node_modules\sequelize\lib\dialects\abstract\query-generator.js:1737:25
    at Array.forEach (<anonymous>)
    at PostgresQueryGenerator.whereItemsQuery (C:\Users\shanu\Documents\GitHub\FlexiJobs\FlexiJobs\node_backend\node_modules\sequelize\lib\dialects\abstract\query-generator.js:1735:35)
    at PostgresQueryGenerator.getWhereConditions (C:\Users\shanu\Documents\GitHub\FlexiJobs\FlexiJobs\node_backend\node_modules\sequelize\lib\dialects\abstract\query-generator.js:2078:19)
    at PostgresQueryGenerator.selectQuery (C:\Users\shanu\Documents\GitHub\FlexiJobs\FlexiJobs\node_backend\node_modules\sequelize\lib\dialects\abstract\query-generator.js:991:28)
    at PostgresQueryInterface.select (C:\Users\shanu\Documents\GitHub\FlexiJobs\FlexiJobs\node_backend\node_modules\sequelize\lib\dialects\abstract\query-interface.js:407:59)
    at Employer.findAll (C:\Users\shanu\Documents\GitHub\FlexiJobs\FlexiJobs\node_backend\node_modules\sequelize\lib\model.js:1140:47)
    at process.processTicksAndRejections (node:internal/process/task_queues:95:5)
    at async Employer.findOne (C:\Users\shanu\Documents\GitHub\FlexiJobs\FlexiJobs\node_backend\node_modules\sequelize\lib\model.js:1240:12)
2025-01-19T08:27:59.077Z [FlexiJobs] error: Error
    at Query.run (C:\Users\shanu\Documents\GitHub\FlexiJobs\FlexiJobs\node_backend\node_modules\sequelize\lib\dialects\postgres\query.js:50:25)
    at C:\Users\shanu\Documents\GitHub\FlexiJobs\FlexiJobs\node_backend\node_modules\sequelize\lib\sequelize.js:315:28
    at process.processTicksAndRejections (node:internal/process/task_queues:95:5)
    at async PostgresQueryInterface.insert (C:\Users\shanu\Documents\GitHub\FlexiJobs\FlexiJobs\node_backend\node_modules\sequelize\lib\dialects\abstract\query-interface.js:308:21)
    at async model.save (C:\Users\shanu\Documents\GitHub\FlexiJobs\FlexiJobs\node_backend\node_modules\sequelize\lib\model.js:2490:35)
    at async Job.create (C:\Users\shanu\Documents\GitHub\FlexiJobs\FlexiJobs\node_backend\node_modules\sequelize\lib\model.js:1362:12)
    at async exports.createJob (C:\Users\shanu\Documents\GitHub\FlexiJobs\FlexiJobs\node_backend\controllers\job.js:26:20)
2025-01-19T08:28:43.768Z [FlexiJobs] error: Error
    at Query.run (C:\Users\shanu\Documents\GitHub\FlexiJobs\FlexiJobs\node_backend\node_modules\sequelize\lib\dialects\postgres\query.js:50:25)
    at C:\Users\shanu\Documents\GitHub\FlexiJobs\FlexiJobs\node_backend\node_modules\sequelize\lib\sequelize.js:315:28
    at process.processTicksAndRejections (node:internal/process/task_queues:95:5)
    at async PostgresQueryInterface.insert (C:\Users\shanu\Documents\GitHub\FlexiJobs\FlexiJobs\node_backend\node_modules\sequelize\lib\dialects\abstract\query-interface.js:308:21)
    at async model.save (C:\Users\shanu\Documents\GitHub\FlexiJobs\FlexiJobs\node_backend\node_modules\sequelize\lib\model.js:2490:35)
    at async Job.create (C:\Users\shanu\Documents\GitHub\FlexiJobs\FlexiJobs\node_backend\node_modules\sequelize\lib\model.js:1362:12)
    at async exports.createJob (C:\Users\shanu\Documents\GitHub\FlexiJobs\FlexiJobs\node_backend\controllers\job.js:26:20)
2025-01-19T08:28:50.180Z [FlexiJobs] error: Error
    at Query.run (C:\Users\shanu\Documents\GitHub\FlexiJobs\FlexiJobs\node_backend\node_modules\sequelize\lib\dialects\postgres\query.js:50:25)
    at C:\Users\shanu\Documents\GitHub\FlexiJobs\FlexiJobs\node_backend\node_modules\sequelize\lib\sequelize.js:315:28
    at process.processTicksAndRejections (node:internal/process/task_queues:95:5)
    at async PostgresQueryInterface.insert (C:\Users\shanu\Documents\GitHub\FlexiJobs\FlexiJobs\node_backend\node_modules\sequelize\lib\dialects\abstract\query-interface.js:308:21)
    at async model.save (C:\Users\shanu\Documents\GitHub\FlexiJobs\FlexiJobs\node_backend\node_modules\sequelize\lib\model.js:2490:35)
    at async Job.create (C:\Users\shanu\Documents\GitHub\FlexiJobs\FlexiJobs\node_backend\node_modules\sequelize\lib\model.js:1362:12)
    at async exports.createJob (C:\Users\shanu\Documents\GitHub\FlexiJobs\FlexiJobs\node_backend\controllers\job.js:26:20)
2025-01-19T08:29:21.923Z [FlexiJobs] error: Error
    at Query.run (C:\Users\shanu\Documents\GitHub\FlexiJobs\FlexiJobs\node_backend\node_modules\sequelize\lib\dialects\postgres\query.js:50:25)
    at C:\Users\shanu\Documents\GitHub\FlexiJobs\FlexiJobs\node_backend\node_modules\sequelize\lib\sequelize.js:315:28
    at process.processTicksAndRejections (node:internal/process/task_queues:95:5)
    at async PostgresQueryInterface.insert (C:\Users\shanu\Documents\GitHub\FlexiJobs\FlexiJobs\node_backend\node_modules\sequelize\lib\dialects\abstract\query-interface.js:308:21)
    at async model.save (C:\Users\shanu\Documents\GitHub\FlexiJobs\FlexiJobs\node_backend\node_modules\sequelize\lib\model.js:2490:35)
    at async Job.create (C:\Users\shanu\Documents\GitHub\FlexiJobs\FlexiJobs\node_backend\node_modules\sequelize\lib\model.js:1362:12)
    at async exports.createJob (C:\Users\shanu\Documents\GitHub\FlexiJobs\FlexiJobs\node_backend\controllers\job.js:26:20)
2025-01-19T08:47:11.856Z [FlexiJobs] error: Error
    at Query.run (C:\Users\shanu\Documents\GitHub\FlexiJobs\FlexiJobs\node_backend\node_modules\sequelize\lib\dialects\postgres\query.js:50:25)
    at C:\Users\shanu\Documents\GitHub\FlexiJobs\FlexiJobs\node_backend\node_modules\sequelize\lib\sequelize.js:315:28
    at process.processTicksAndRejections (node:internal/process/task_queues:95:5)
    at async PostgresQueryInterface.insert (C:\Users\shanu\Documents\GitHub\FlexiJobs\FlexiJobs\node_backend\node_modules\sequelize\lib\dialects\abstract\query-interface.js:308:21)
    at async model.save (C:\Users\shanu\Documents\GitHub\FlexiJobs\FlexiJobs\node_backend\node_modules\sequelize\lib\model.js:2490:35)
    at async Job.create (C:\Users\shanu\Documents\GitHub\FlexiJobs\FlexiJobs\node_backend\node_modules\sequelize\lib\model.js:1362:12)
    at async exports.createJob (C:\Users\shanu\Documents\GitHub\FlexiJobs\FlexiJobs\node_backend\controllers\job.js:26:20)
2025-01-19T08:47:16.616Z [FlexiJobs] error: Error
    at Query.run (C:\Users\shanu\Documents\GitHub\FlexiJobs\FlexiJobs\node_backend\node_modules\sequelize\lib\dialects\postgres\query.js:50:25)
    at C:\Users\shanu\Documents\GitHub\FlexiJobs\FlexiJobs\node_backend\node_modules\sequelize\lib\sequelize.js:315:28
    at process.processTicksAndRejections (node:internal/process/task_queues:95:5)
    at async PostgresQueryInterface.insert (C:\Users\shanu\Documents\GitHub\FlexiJobs\FlexiJobs\node_backend\node_modules\sequelize\lib\dialects\abstract\query-interface.js:308:21)
    at async model.save (C:\Users\shanu\Documents\GitHub\FlexiJobs\FlexiJobs\node_backend\node_modules\sequelize\lib\model.js:2490:35)
    at async Job.create (C:\Users\shanu\Documents\GitHub\FlexiJobs\FlexiJobs\node_backend\node_modules\sequelize\lib\model.js:1362:12)
    at async exports.createJob (C:\Users\shanu\Documents\GitHub\FlexiJobs\FlexiJobs\node_backend\controllers\job.js:26:20)
2025-01-19T08:48:46.911Z [FlexiJobs] error: Error
    at Query.run (C:\Users\shanu\Documents\GitHub\FlexiJobs\FlexiJobs\node_backend\node_modules\sequelize\lib\dialects\postgres\query.js:50:25)
    at C:\Users\shanu\Documents\GitHub\FlexiJobs\FlexiJobs\node_backend\node_modules\sequelize\lib\sequelize.js:315:28
    at process.processTicksAndRejections (node:internal/process/task_queues:95:5)
    at async PostgresQueryInterface.insert (C:\Users\shanu\Documents\GitHub\FlexiJobs\FlexiJobs\node_backend\node_modules\sequelize\lib\dialects\abstract\query-interface.js:308:21)
    at async model.save (C:\Users\shanu\Documents\GitHub\FlexiJobs\FlexiJobs\node_backend\node_modules\sequelize\lib\model.js:2490:35)
    at async Job.create (C:\Users\shanu\Documents\GitHub\FlexiJobs\FlexiJobs\node_backend\node_modules\sequelize\lib\model.js:1362:12)
    at async exports.createJob (C:\Users\shanu\Documents\GitHub\FlexiJobs\FlexiJobs\node_backend\controllers\job.js:26:20)
2025-01-19T08:49:09.897Z [FlexiJobs] error: Error
    at Query.run (C:\Users\shanu\Documents\GitHub\FlexiJobs\FlexiJobs\node_backend\node_modules\sequelize\lib\dialects\postgres\query.js:50:25)
    at C:\Users\shanu\Documents\GitHub\FlexiJobs\FlexiJobs\node_backend\node_modules\sequelize\lib\sequelize.js:315:28
    at process.processTicksAndRejections (node:internal/process/task_queues:95:5)
    at async PostgresQueryInterface.insert (C:\Users\shanu\Documents\GitHub\FlexiJobs\FlexiJobs\node_backend\node_modules\sequelize\lib\dialects\abstract\query-interface.js:308:21)
    at async model.save (C:\Users\shanu\Documents\GitHub\FlexiJobs\FlexiJobs\node_backend\node_modules\sequelize\lib\model.js:2490:35)
    at async Job.create (C:\Users\shanu\Documents\GitHub\FlexiJobs\FlexiJobs\node_backend\node_modules\sequelize\lib\model.js:1362:12)
    at async exports.createJob (C:\Users\shanu\Documents\GitHub\FlexiJobs\FlexiJobs\node_backend\controllers\job.js:26:20)
2025-01-19T08:49:43.935Z [FlexiJobs] error: Error: WHERE parameter "email" has invalid "undefined" value
    at PostgresQueryGenerator.whereItemQuery (C:\Users\shanu\Documents\GitHub\FlexiJobs\FlexiJobs\node_backend\node_modules\sequelize\lib\dialects\abstract\query-generator.js:1746:13)
    at C:\Users\shanu\Documents\GitHub\FlexiJobs\FlexiJobs\node_backend\node_modules\sequelize\lib\dialects\abstract\query-generator.js:1737:25
    at Array.forEach (<anonymous>)
    at PostgresQueryGenerator.whereItemsQuery (C:\Users\shanu\Documents\GitHub\FlexiJobs\FlexiJobs\node_backend\node_modules\sequelize\lib\dialects\abstract\query-generator.js:1735:35)
    at PostgresQueryGenerator.getWhereConditions (C:\Users\shanu\Documents\GitHub\FlexiJobs\FlexiJobs\node_backend\node_modules\sequelize\lib\dialects\abstract\query-generator.js:2078:19)
    at PostgresQueryGenerator.selectQuery (C:\Users\shanu\Documents\GitHub\FlexiJobs\FlexiJobs\node_backend\node_modules\sequelize\lib\dialects\abstract\query-generator.js:991:28)
    at PostgresQueryInterface.select (C:\Users\shanu\Documents\GitHub\FlexiJobs\FlexiJobs\node_backend\node_modules\sequelize\lib\dialects\abstract\query-interface.js:407:59)
    at Employer.findAll (C:\Users\shanu\Documents\GitHub\FlexiJobs\FlexiJobs\node_backend\node_modules\sequelize\lib\model.js:1140:47)
    at process.processTicksAndRejections (node:internal/process/task_queues:95:5)
    at async Employer.findOne (C:\Users\shanu\Documents\GitHub\FlexiJobs\FlexiJobs\node_backend\node_modules\sequelize\lib\model.js:1240:12)
2025-01-19T08:50:46.556Z [FlexiJobs] error: Error
    at Query.run (C:\Users\shanu\Documents\GitHub\FlexiJobs\FlexiJobs\node_backend\node_modules\sequelize\lib\dialects\postgres\query.js:50:25)
    at C:\Users\shanu\Documents\GitHub\FlexiJobs\FlexiJobs\node_backend\node_modules\sequelize\lib\sequelize.js:315:28
    at process.processTicksAndRejections (node:internal/process/task_queues:95:5)
    at async PostgresQueryInterface.insert (C:\Users\shanu\Documents\GitHub\FlexiJobs\FlexiJobs\node_backend\node_modules\sequelize\lib\dialects\abstract\query-interface.js:308:21)
    at async model.save (C:\Users\shanu\Documents\GitHub\FlexiJobs\FlexiJobs\node_backend\node_modules\sequelize\lib\model.js:2490:35)
    at async Job.create (C:\Users\shanu\Documents\GitHub\FlexiJobs\FlexiJobs\node_backend\node_modules\sequelize\lib\model.js:1362:12)
    at async exports.createJob (C:\Users\shanu\Documents\GitHub\FlexiJobs\FlexiJobs\node_backend\controllers\job.js:26:20)
2025-01-19T08:50:51.349Z [FlexiJobs] error: Error
    at Query.run (C:\Users\shanu\Documents\GitHub\FlexiJobs\FlexiJobs\node_backend\node_modules\sequelize\lib\dialects\postgres\query.js:50:25)
    at C:\Users\shanu\Documents\GitHub\FlexiJobs\FlexiJobs\node_backend\node_modules\sequelize\lib\sequelize.js:315:28
    at process.processTicksAndRejections (node:internal/process/task_queues:95:5)
    at async PostgresQueryInterface.insert (C:\Users\shanu\Documents\GitHub\FlexiJobs\FlexiJobs\node_backend\node_modules\sequelize\lib\dialects\abstract\query-interface.js:308:21)
    at async model.save (C:\Users\shanu\Documents\GitHub\FlexiJobs\FlexiJobs\node_backend\node_modules\sequelize\lib\model.js:2490:35)
    at async Job.create (C:\Users\shanu\Documents\GitHub\FlexiJobs\FlexiJobs\node_backend\node_modules\sequelize\lib\model.js:1362:12)
    at async exports.createJob (C:\Users\shanu\Documents\GitHub\FlexiJobs\FlexiJobs\node_backend\controllers\job.js:26:20)
2025-01-19T08:53:58.464Z [FlexiJobs] error: Error
    at Query.run (C:\Users\shanu\Documents\GitHub\FlexiJobs\FlexiJobs\node_backend\node_modules\sequelize\lib\dialects\postgres\query.js:50:25)
    at C:\Users\shanu\Documents\GitHub\FlexiJobs\FlexiJobs\node_backend\node_modules\sequelize\lib\sequelize.js:315:28
    at process.processTicksAndRejections (node:internal/process/task_queues:95:5)
    at async PostgresQueryInterface.insert (C:\Users\shanu\Documents\GitHub\FlexiJobs\FlexiJobs\node_backend\node_modules\sequelize\lib\dialects\abstract\query-interface.js:308:21)
    at async model.save (C:\Users\shanu\Documents\GitHub\FlexiJobs\FlexiJobs\node_backend\node_modules\sequelize\lib\model.js:2490:35)
    at async Job.create (C:\Users\shanu\Documents\GitHub\FlexiJobs\FlexiJobs\node_backend\node_modules\sequelize\lib\model.js:1362:12)
    at async exports.createJob (C:\Users\shanu\Documents\GitHub\FlexiJobs\FlexiJobs\node_backend\controllers\job.js:26:20)
2025-01-19T08:56:13.593Z [FlexiJobs] error: Error
    at Query.run (C:\Users\shanu\Documents\GitHub\FlexiJobs\FlexiJobs\node_backend\node_modules\sequelize\lib\dialects\postgres\query.js:50:25)
    at C:\Users\shanu\Documents\GitHub\FlexiJobs\FlexiJobs\node_backend\node_modules\sequelize\lib\sequelize.js:315:28
    at process.processTicksAndRejections (node:internal/process/task_queues:95:5)
    at async PostgresQueryInterface.insert (C:\Users\shanu\Documents\GitHub\FlexiJobs\FlexiJobs\node_backend\node_modules\sequelize\lib\dialects\abstract\query-interface.js:308:21)
    at async model.save (C:\Users\shanu\Documents\GitHub\FlexiJobs\FlexiJobs\node_backend\node_modules\sequelize\lib\model.js:2490:35)
    at async Job.create (C:\Users\shanu\Documents\GitHub\FlexiJobs\FlexiJobs\node_backend\node_modules\sequelize\lib\model.js:1362:12)
    at async exports.createJob (C:\Users\shanu\Documents\GitHub\FlexiJobs\FlexiJobs\node_backend\controllers\job.js:27:20)
2025-01-19T09:03:37.337Z [FlexiJobs] error: Error
    at Query.run (C:\Users\shanu\Documents\GitHub\FlexiJobs\FlexiJobs\node_backend\node_modules\sequelize\lib\dialects\postgres\query.js:50:25)
    at C:\Users\shanu\Documents\GitHub\FlexiJobs\FlexiJobs\node_backend\node_modules\sequelize\lib\sequelize.js:315:28
    at process.processTicksAndRejections (node:internal/process/task_queues:95:5)
    at async PostgresQueryInterface.insert (C:\Users\shanu\Documents\GitHub\FlexiJobs\FlexiJobs\node_backend\node_modules\sequelize\lib\dialects\abstract\query-interface.js:308:21)
    at async model.save (C:\Users\shanu\Documents\GitHub\FlexiJobs\FlexiJobs\node_backend\node_modules\sequelize\lib\model.js:2490:35)
    at async Job.create (C:\Users\shanu\Documents\GitHub\FlexiJobs\FlexiJobs\node_backend\node_modules\sequelize\lib\model.js:1362:12)
    at async exports.createJob (C:\Users\shanu\Documents\GitHub\FlexiJobs\FlexiJobs\node_backend\controllers\job.js:28:20)
2025-01-19T09:03:40.278Z [FlexiJobs] error: Error
    at Query.run (C:\Users\shanu\Documents\GitHub\FlexiJobs\FlexiJobs\node_backend\node_modules\sequelize\lib\dialects\postgres\query.js:50:25)
    at C:\Users\shanu\Documents\GitHub\FlexiJobs\FlexiJobs\node_backend\node_modules\sequelize\lib\sequelize.js:315:28
    at process.processTicksAndRejections (node:internal/process/task_queues:95:5)
    at async PostgresQueryInterface.insert (C:\Users\shanu\Documents\GitHub\FlexiJobs\FlexiJobs\node_backend\node_modules\sequelize\lib\dialects\abstract\query-interface.js:308:21)
    at async model.save (C:\Users\shanu\Documents\GitHub\FlexiJobs\FlexiJobs\node_backend\node_modules\sequelize\lib\model.js:2490:35)
    at async Job.create (C:\Users\shanu\Documents\GitHub\FlexiJobs\FlexiJobs\node_backend\node_modules\sequelize\lib\model.js:1362:12)
    at async exports.createJob (C:\Users\shanu\Documents\GitHub\FlexiJobs\FlexiJobs\node_backend\controllers\job.js:28:20)
2025-01-19T09:07:32.262Z [FlexiJobs] error: Error
    at Query.run (C:\Users\shanu\Documents\GitHub\FlexiJobs\FlexiJobs\node_backend\node_modules\sequelize\lib\dialects\postgres\query.js:50:25)
    at C:\Users\shanu\Documents\GitHub\FlexiJobs\FlexiJobs\node_backend\node_modules\sequelize\lib\sequelize.js:315:28
    at process.processTicksAndRejections (node:internal/process/task_queues:95:5)
    at async PostgresQueryInterface.insert (C:\Users\shanu\Documents\GitHub\FlexiJobs\FlexiJobs\node_backend\node_modules\sequelize\lib\dialects\abstract\query-interface.js:308:21)
    at async model.save (C:\Users\shanu\Documents\GitHub\FlexiJobs\FlexiJobs\node_backend\node_modules\sequelize\lib\model.js:2490:35)
    at async Job.create (C:\Users\shanu\Documents\GitHub\FlexiJobs\FlexiJobs\node_backend\node_modules\sequelize\lib\model.js:1362:12)
    at async exports.createJob (C:\Users\shanu\Documents\GitHub\FlexiJobs\FlexiJobs\node_backend\controllers\job.js:28:20)
2025-01-19T09:39:23.282Z [FlexiJobs] error: Error
    at Query.run (C:\Users\shanu\Documents\GitHub\FlexiJobs\FlexiJobs\node_backend\node_modules\sequelize\lib\dialects\postgres\query.js:50:25)
    at C:\Users\shanu\Documents\GitHub\FlexiJobs\FlexiJobs\node_backend\node_modules\sequelize\lib\sequelize.js:315:28
    at process.processTicksAndRejections (node:internal/process/task_queues:95:5)
    at async PostgresQueryInterface.insert (C:\Users\shanu\Documents\GitHub\FlexiJobs\FlexiJobs\node_backend\node_modules\sequelize\lib\dialects\abstract\query-interface.js:308:21)
    at async model.save (C:\Users\shanu\Documents\GitHub\FlexiJobs\FlexiJobs\node_backend\node_modules\sequelize\lib\model.js:2490:35)
    at async Job.create (C:\Users\shanu\Documents\GitHub\FlexiJobs\FlexiJobs\node_backend\node_modules\sequelize\lib\model.js:1362:12)
    at async exports.createJob (C:\Users\shanu\Documents\GitHub\FlexiJobs\FlexiJobs\node_backend\controllers\job.js:28:20)
2025-01-19T09:39:26.702Z [FlexiJobs] error: Error
    at Query.run (C:\Users\shanu\Documents\GitHub\FlexiJobs\FlexiJobs\node_backend\node_modules\sequelize\lib\dialects\postgres\query.js:50:25)
    at C:\Users\shanu\Documents\GitHub\FlexiJobs\FlexiJobs\node_backend\node_modules\sequelize\lib\sequelize.js:315:28
    at process.processTicksAndRejections (node:internal/process/task_queues:95:5)
    at async PostgresQueryInterface.insert (C:\Users\shanu\Documents\GitHub\FlexiJobs\FlexiJobs\node_backend\node_modules\sequelize\lib\dialects\abstract\query-interface.js:308:21)
    at async model.save (C:\Users\shanu\Documents\GitHub\FlexiJobs\FlexiJobs\node_backend\node_modules\sequelize\lib\model.js:2490:35)
    at async Job.create (C:\Users\shanu\Documents\GitHub\FlexiJobs\FlexiJobs\node_backend\node_modules\sequelize\lib\model.js:1362:12)
    at async exports.createJob (C:\Users\shanu\Documents\GitHub\FlexiJobs\FlexiJobs\node_backend\controllers\job.js:28:20)
2025-01-19T09:39:38.960Z [FlexiJobs] error: Error
    at Query.run (C:\Users\shanu\Documents\GitHub\FlexiJobs\FlexiJobs\node_backend\node_modules\sequelize\lib\dialects\postgres\query.js:50:25)
    at C:\Users\shanu\Documents\GitHub\FlexiJobs\FlexiJobs\node_backend\node_modules\sequelize\lib\sequelize.js:315:28
    at process.processTicksAndRejections (node:internal/process/task_queues:95:5)
    at async PostgresQueryInterface.insert (C:\Users\shanu\Documents\GitHub\FlexiJobs\FlexiJobs\node_backend\node_modules\sequelize\lib\dialects\abstract\query-interface.js:308:21)
    at async model.save (C:\Users\shanu\Documents\GitHub\FlexiJobs\FlexiJobs\node_backend\node_modules\sequelize\lib\model.js:2490:35)
    at async Job.create (C:\Users\shanu\Documents\GitHub\FlexiJobs\FlexiJobs\node_backend\node_modules\sequelize\lib\model.js:1362:12)
    at async exports.createJob (C:\Users\shanu\Documents\GitHub\FlexiJobs\FlexiJobs\node_backend\controllers\job.js:28:20)
2025-01-19T09:39:44.282Z [FlexiJobs] error: Error
    at Query.run (C:\Users\shanu\Documents\GitHub\FlexiJobs\FlexiJobs\node_backend\node_modules\sequelize\lib\dialects\postgres\query.js:50:25)
    at C:\Users\shanu\Documents\GitHub\FlexiJobs\FlexiJobs\node_backend\node_modules\sequelize\lib\sequelize.js:315:28
    at process.processTicksAndRejections (node:internal/process/task_queues:95:5)
    at async PostgresQueryInterface.insert (C:\Users\shanu\Documents\GitHub\FlexiJobs\FlexiJobs\node_backend\node_modules\sequelize\lib\dialects\abstract\query-interface.js:308:21)
    at async model.save (C:\Users\shanu\Documents\GitHub\FlexiJobs\FlexiJobs\node_backend\node_modules\sequelize\lib\model.js:2490:35)
    at async Job.create (C:\Users\shanu\Documents\GitHub\FlexiJobs\FlexiJobs\node_backend\node_modules\sequelize\lib\model.js:1362:12)
    at async exports.createJob (C:\Users\shanu\Documents\GitHub\FlexiJobs\FlexiJobs\node_backend\controllers\job.js:28:20)
2025-01-19T09:40:19.427Z [FlexiJobs] error: Error
    at Query.run (C:\Users\shanu\Documents\GitHub\FlexiJobs\FlexiJobs\node_backend\node_modules\sequelize\lib\dialects\postgres\query.js:50:25)
    at C:\Users\shanu\Documents\GitHub\FlexiJobs\FlexiJobs\node_backend\node_modules\sequelize\lib\sequelize.js:315:28
    at process.processTicksAndRejections (node:internal/process/task_queues:95:5)
    at async PostgresQueryInterface.insert (C:\Users\shanu\Documents\GitHub\FlexiJobs\FlexiJobs\node_backend\node_modules\sequelize\lib\dialects\abstract\query-interface.js:308:21)
    at async model.save (C:\Users\shanu\Documents\GitHub\FlexiJobs\FlexiJobs\node_backend\node_modules\sequelize\lib\model.js:2490:35)
    at async Job.create (C:\Users\shanu\Documents\GitHub\FlexiJobs\FlexiJobs\node_backend\node_modules\sequelize\lib\model.js:1362:12)
    at async exports.createJob (C:\Users\shanu\Documents\GitHub\FlexiJobs\FlexiJobs\node_backend\controllers\job.js:28:20)
2025-01-19T09:41:05.928Z [FlexiJobs] error: Error
    at Query.run (C:\Users\shanu\Documents\GitHub\FlexiJobs\FlexiJobs\node_backend\node_modules\sequelize\lib\dialects\postgres\query.js:50:25)
    at C:\Users\shanu\Documents\GitHub\FlexiJobs\FlexiJobs\node_backend\node_modules\sequelize\lib\sequelize.js:315:28
    at process.processTicksAndRejections (node:internal/process/task_queues:95:5)
    at async PostgresQueryInterface.insert (C:\Users\shanu\Documents\GitHub\FlexiJobs\FlexiJobs\node_backend\node_modules\sequelize\lib\dialects\abstract\query-interface.js:308:21)
    at async model.save (C:\Users\shanu\Documents\GitHub\FlexiJobs\FlexiJobs\node_backend\node_modules\sequelize\lib\model.js:2490:35)
    at async Job.create (C:\Users\shanu\Documents\GitHub\FlexiJobs\FlexiJobs\node_backend\node_modules\sequelize\lib\model.js:1362:12)
    at async exports.createJob (C:\Users\shanu\Documents\GitHub\FlexiJobs\FlexiJobs\node_backend\controllers\job.js:28:20)
